<?xml version="1.0" encoding="UTF-8"?>
<!-- Generated by org.testng.reporters.JUnitReportReporter -->
<testsuite skipped="0" hostname="wsgaks-MacBook-Pro.local" name="demo.TestNGGroupDemo" tests="7" failures="0" timestamp="27 Aug 2019 04:32:47 GMT" time="0.104" errors="0">
  <testcase name="test1" time="0.026" classname="demo.TestNGGroupDemo"/>
  <testcase name="test3" time="0.006" classname="demo.TestNGGroupDemo"/>
  <testcase name="test6" time="0.023" classname="demo.TestNGGroupDemo"/>
  <testcase name="test2" time="0.009" classname="demo.TestNGGroupDemo"/>
  <testcase name="test5" time="0.006" classname="demo.TestNGGroupDemo"/>
  <testcase name="test7" time="0.006" classname="demo.TestNGGroupDemo"/>
  <testcase name="test4" time="0.028" classname="demo.TestNGGroupDemo"/>
</testsuite> <!-- demo.TestNGGroupDemo -->
