<?xml version="1.0" encoding="UTF-8"?>
<!-- Generated by org.testng.reporters.JUnitReportReporter -->
<testsuite skipped="0" hostname="wsgaks-MacBook-Pro.local" name="html_report_selenium.TestNGDemo" tests="1" failures="0" timestamp="25 Aug 2019 10:07:53 GMT" time="69.205" errors="0">
  <testcase name="googleSearch" time="69.205" classname="html_report_selenium.TestNGDemo"/>
</testsuite> <!-- html_report_selenium.TestNGDemo -->
