<?xml version="1.0" encoding="UTF-8"?>
<!-- Generated by org.testng.reporters.JUnitReportReporter -->
<testsuite skipped="0" hostname="wsgaks-MacBook-Pro.local" name="demo.TestNGDependencyDemo" tests="3" failures="0" timestamp="27 Aug 2019 05:44:13 GMT" time="0.036" errors="0">
  <testcase name="test3" time="0.024" classname="demo.TestNGDependencyDemo"/>
  <testcase name="test1" time="0.005" classname="demo.TestNGDependencyDemo"/>
  <testcase name="test2" time="0.007" classname="demo.TestNGDependencyDemo"/>
</testsuite> <!-- demo.TestNGDependencyDemo -->
