<?xml version="1.0" encoding="UTF-8"?>
<!-- Generated by org.testng.reporters.JUnitReportReporter -->
<testsuite skipped="0" hostname="wsgaks-MacBook-Pro.local" name="utilitis.ExcelDataProvider" tests="19" failures="0" timestamp="26 Aug 2019 08:32:20 GMT" time="58.007" errors="0">
  <testcase name="test1" time="10.275" classname="utilitis.ExcelDataProvider"/>
  <testcase name="test1" time="3.087" classname="utilitis.ExcelDataProvider"/>
  <testcase name="test1" time="2.583" classname="utilitis.ExcelDataProvider"/>
  <testcase name="test1" time="2.561" classname="utilitis.ExcelDataProvider"/>
  <testcase name="test1" time="2.609" classname="utilitis.ExcelDataProvider"/>
  <testcase name="test1" time="2.613" classname="utilitis.ExcelDataProvider"/>
  <testcase name="test1" time="2.599" classname="utilitis.ExcelDataProvider"/>
  <testcase name="test1" time="2.576" classname="utilitis.ExcelDataProvider"/>
  <testcase name="test1" time="2.634" classname="utilitis.ExcelDataProvider"/>
  <testcase name="test1" time="2.623" classname="utilitis.ExcelDataProvider"/>
  <testcase name="test1" time="2.668" classname="utilitis.ExcelDataProvider"/>
  <testcase name="test1" time="2.665" classname="utilitis.ExcelDataProvider"/>
  <testcase name="test1" time="2.614" classname="utilitis.ExcelDataProvider"/>
  <testcase name="test1" time="2.604" classname="utilitis.ExcelDataProvider"/>
  <testcase name="test1" time="2.719" classname="utilitis.ExcelDataProvider"/>
  <testcase name="test1" time="2.708" classname="utilitis.ExcelDataProvider"/>
  <testcase name="test1" time="2.580" classname="utilitis.ExcelDataProvider"/>
  <testcase name="test1" time="2.675" classname="utilitis.ExcelDataProvider"/>
  <testcase name="test1" time="2.614" classname="utilitis.ExcelDataProvider"/>
</testsuite> <!-- utilitis.ExcelDataProvider -->
