<?xml version="1.0" encoding="UTF-8"?>
<!-- Generated by org.testng.reporters.JUnitReportReporter -->
<testsuite skipped="0" hostname="wsgaks-MacBook-Pro.local" name="demo.Test1" tests="1" failures="0" timestamp="27 Aug 2019 21:28:10 GMT" time="9.616" errors="0">
  <testcase name="test1" time="9.616" classname="demo.Test1"/>
</testsuite> <!-- demo.Test1 -->
