<?xml version="1.0" encoding="UTF-8"?>
<!-- Generated by org.testng.reporters.JUnitReportReporter -->
<testsuite skipped="0" hostname="wsgaks-MacBook-Pro.local" name="html_report_selenium.ExtentRepoDemoTestNG" tests="2" failures="0" timestamp="25 Aug 2019 10:14:46 GMT" time="14.602" errors="0">
  <testcase name="test2" time="0.017" classname="html_report_selenium.ExtentRepoDemoTestNG"/>
  <testcase name="test1" time="14.585" classname="html_report_selenium.ExtentRepoDemoTestNG"/>
</testsuite> <!-- html_report_selenium.ExtentRepoDemoTestNG -->
