<?xml version="1.0" encoding="UTF-8"?>
<!-- Generated by org.testng.reporters.JUnitReportReporter -->
<testsuite skipped="0" hostname="wsgaks-MacBook-Pro.local" name="html_report_selenium.TestNGDemo2" tests="2" failures="0" timestamp="26 Aug 2019 04:18:27 GMT" time="51.799" errors="0">
  <testcase name="googleSearch3" time="13.593" classname="html_report_selenium.TestNGDemo2"/>
  <testcase name="googleSearch2" time="38.206" classname="html_report_selenium.TestNGDemo2"/>
</testsuite> <!-- html_report_selenium.TestNGDemo2 -->
