<?xml version="1.0" encoding="UTF-8"?>
<!-- Generated by org.testng.reporters.JUnitReportReporter -->
<testsuite skipped="0" hostname="wsgaks-MacBook-Pro.local" name="demo.TestNGParametersDemo" tests="1" failures="0" timestamp="27 Aug 2019 05:05:28 GMT" time="0.116" errors="0">
  <testcase name="test" time="0.116" classname="demo.TestNGParametersDemo"/>
</testsuite> <!-- demo.TestNGParametersDemo -->
