<?xml version="1.0" encoding="UTF-8"?>
<!-- Generated by org.testng.reporters.JUnitReportReporter -->
<testsuite skipped="1" hostname="wsgaks-MacBook-Pro.local" name="demo.TestNGIgnoreDemo" tests="3" failures="0" timestamp="27 Aug 2019 06:06:10 GMT" time="0.053" errors="0">
  <testcase name="test2" time="0.045" classname="demo.TestNGIgnoreDemo"/>
  <testcase name="test3" time="0.008" classname="demo.TestNGIgnoreDemo"/>
  <testcase name="test1" classname="demo.TestNGIgnoreDemo">
    <skipped/>
  </testcase> <!-- test1 -->
</testsuite> <!-- demo.TestNGIgnoreDemo -->
